"C:\Program Files\JetBrains\CLion 2019.2.1\bin\cmake\win\bin\cmake.exe" -DCMAKE_BUILD_TYPE=Debug -G "CodeBlocks - MinGW Makefiles" "C:\Users\up201800168\Desktop\4 - Pesquisa e Ordenação"
-- The C compiler identification is GNU 8.1.0
-- The CXX compiler identification is GNU 8.1.0
-- Check for working C compiler: C:/Programs/MinGW/bin/gcc.exe
-- Check for working C compiler: C:/Programs/MinGW/bin/gcc.exe -- broken
CMake Error at C:/Program Files/JetBrains/CLion 2019.2.1/bin/cmake/win/share/cmake-3.14/Modules/CMakeTestCCompiler.cmake:60 (message):
  The C compiler

    "C:/Programs/MinGW/bin/gcc.exe"

  is not able to compile a simple test program.

  It fails with the following output:

    Change Dir: C:/Users/up201800168/Desktop/4 - Pesquisa e OrdenaÃ§Ã£o/cmake-build-debug/CMakeFiles/CMakeTmp
    
    Run Build Command(s):C:/Programs/MinGW/bin/mingw32-make.exe cmTC_e1303/fast 
    C:/Programs/MinGW/bin/mingw32-make.exe -f CMakeFiles\cmTC_e1303.dir\build.make CMakeFiles/cmTC_e1303.dir/build
    mingw32-make.exe[1]: Entering directory 'C:/Users/up201800168/Desktop/4 - Pesquisa e OrdenaÃ¾Ã’o/cmake-build-debug/CMakeFiles/CMakeTmp'
    Building C object CMakeFiles/cmTC_e1303.dir/testCCompiler.c.obj
    C:\Programs\MinGW\bin\gcc.exe    -o CMakeFiles\cmTC_e1303.dir\testCCompiler.c.obj   -c "C:\Users\up201800168\Desktop\4 - Pesquisa e Ordenaâ”œÂºâ”œÃºo\cmake-build-debug\CMakeFiles\CMakeTmp\testCCompiler.c"
    gcc.exe: error: C:\Users\up201800168\Desktop\4 - Pesquisa e Ordenaâ”œÂºâ”œÃºo\cmake-build-debug\CMakeFiles\CMakeTmp\testCCompiler.c: No such file or directory
    gcc.exe: fatal error: no input files
    compilation terminated.
    mingw32-make.exe[1]: *** [CMakeFiles\cmTC_e1303.dir\build.make:65: CMakeFiles/cmTC_e1303.dir/testCCompiler.c.obj] Error 1
    mingw32-make.exe[1]: Leaving directory 'C:/Users/up201800168/Desktop/4 - Pesquisa e OrdenaÃ¾Ã’o/cmake-build-debug/CMakeFiles/CMakeTmp'
    mingw32-make.exe: *** [Makefile:120: cmTC_e1303/fast] Error 2
    

  

  CMake will not be able to correctly generate this project.
Call Stack (most recent call first):
  CMakeLists.txt:2 (project)


-- Configuring incomplete, errors occurred!
See also "C:/Users/up201800168/Desktop/4 - Pesquisa e OrdenaÃ§Ã£o/cmake-build-debug/CMakeFiles/CMakeOutput.log".
See also "C:/Users/up201800168/Desktop/4 - Pesquisa e OrdenaÃ§Ã£o/cmake-build-debug/CMakeFiles/CMakeError.log".
